2010-10-22 14:07 | SUCCESS |  1 | Tabellen-Optimierung
2010-10-22 14:06 | SUCCESS |  1 | Tabellen-Optimierung
2010-10-22 14:03 | SUCCESS |  1 | Tabellen-Optimierung
2010-10-22 14:02 | SUCCESS |  1 | Tabellen-Optimierung
2010-10-16 15:57 | SUCCESS |  7 | Tabellen-Optimierung
2010-10-16 15:56 | SUCCESS |  7 | Tabellen-Optimierung
2010-10-16 15:37 | SUCCESS |  7 | Tabellen-Optimierung
2010-10-15 14:20 |  ERROR  |  7 | Tabellen-Optimierung | timeout
2010-10-15 13:33 |  ERROR  |  7 | Tabellen-Optimierung | timeout
2010-10-15 11:10 |  ERROR  |  7 | Tabellen-Optimierung | timeout
2010-10-15 10:46 | SUCCESS |  7 | Tabellen-Optimierung
2010-10-15 10:45 | SUCCESS |  7 | Tabellen-Optimierung
2010-10-15 10:45 |  ERROR  |  7 | Tabellen-Optimierung | timeout
2010-10-15 10:41 |  ERROR  |  7 | Tabellen-Optimierung | timeout
2010-10-15 10:37 |  ERROR  |  7 | Tabellen-Optimierung | timeout
2010-10-15 10:36 | SUCCESS |  7 | Tabellen-Optimierung
2010-10-15 10:36 | SUCCESS |  7 | Tabellen-Optimierung
2010-10-15 02:47 | SUCCESS |  7 | Tabellen-Optimierung
2010-10-15 02:47 | SUCCESS |  6 | Artikel-Status | Updated articles: 0
2010-10-15 02:40 | SUCCESS |  5 | to
2010-10-15 02:34 | SUCCESS |  4 | Tabellen-Optimierung
2010-10-15 02:19 | SUCCESS |  3 | Artikel-Status | Updated articles: 0
2010-10-15 02:13 |  ERROR  | -- | [no name] | Class "" not found
2010-10-15 02:12 | SUCCESS |  1 | Artikel-Status | Updated articles: 0
2010-10-15 02:09 |  ERROR  | -- | [no name] | Class "" not found
2010-10-14 18:23 | SUCCESS |  2 | Artikel-Status | Updated articles: 0
2010-10-14 18:22 | SUCCESS |  2 | Artikel-Status | Updated articles: 0
2010-10-14 18:17 |  ERROR  |  2 | Artikel-Status | Metainfo fields "" and "" not found
2010-10-14 18:16 |  ERROR  |  2 | Artikel-Status | Metainfo fields "" and "" not found
2010-10-14 18:16 |  ERROR  |  2 | Artikel-Status | Metainfo fields "" and "" not found
2010-10-14 18:16 |  ERROR  |  2 | Artikel-Status | Metainfo fields "" and "" not found
2010-10-14 18:16 |  ERROR  |  2 | Artikel-Status | Metainfo fields "" and "" not found
2010-10-14 18:14 |  ERROR  |  2 | Artikel-Status | Metainfo fields "" and "" not found
2010-10-14 18:13 |  ERROR  |  2 | Artikel-Status | Metainfo fields "" and "" not found
2010-10-14 18:13 |  ERROR  |  2 | Artikel-Status | Metainfo fields "" and "" not found
2010-10-14 18:13 |  ERROR  |  2 | Artikel-Status | Metainfo fields "" and "" not found
2010-10-14 18:12 |  ERROR  |  2 | Artikel-Status | Metainfo fields "" and "" not found
2010-10-14 18:12 |  ERROR  |  2 | Artikel-Status | Metainfo fields "" and "" not found
2010-10-14 18:12 |  ERROR  |  2 | Artikel-Status | Metainfo fields "" and "" not found
2010-10-14 18:12 |  ERROR  |  2 | Artikel-Status | Metainfo fields "" and "" not found
2010-10-14 18:11 |  ERROR  |  2 | Artikel-Status | Metainfo fields "" and "" not found
2010-10-14 18:11 |  ERROR  |  2 | Artikel-Status | Metainfo fields "" and "" not found
2010-10-14 18:07 |  ERROR  |  2 | Artikel-Status | Metainfo fields "" and "" not found
2010-10-14 18:06 |  ERROR  |  2 | Artikel-Status | Metainfo fields "" and "" not found
2010-10-14 18:05 |  ERROR  |  2 | Artikel-Status | Metainfo fields "" and "" not found
2010-10-14 18:05 |  ERROR  |  2 | Artikel-Status | Metainfo fields "" and "" not found
2010-10-14 18:03 |  ERROR  |  2 | Artikel-Status | Metainfo fields "" and "" not found
2010-10-14 18:01 |  ERROR  |  2 | Artikel-Status | Metainfo fields "" and "" not found
2010-10-14 18:00 |  ERROR  |  2 | Artikel-Status | Metainfo fields "" and "" not found
2010-10-14 17:59 |  ERROR  |  2 | Artikel-Status | Metainfo fields "" and "" not found
2010-10-14 17:57 |  ERROR  |  2 | Artikel-Status | Metainfo fields "" and "" not found
